<?xml version="1.0" encoding="UTF-8"?>
<testng-results ignored="0" total="1" passed="1" failed="0" skipped="0">
  <reporter-output>
  </reporter-output>
  <suite started-at="2023-07-06T13:30:08 IST" name="Default suite" finished-at="2023-07-06T13:30:36 IST" duration-ms="28868">
    <groups>
    </groups>
    <test started-at="2023-07-06T13:30:08 IST" name="Default test" finished-at="2023-07-06T13:30:36 IST" duration-ms="28868">
      <class name="test.NaveenTest">
        <test-method is-config="true" signature="start()[pri:0, instance:test.NaveenTest@6d60fe40]" started-at="2023-07-06T13:30:08 IST" name="start" finished-at="2023-07-06T13:30:32 IST" duration-ms="24238" status="PASS">
          <reporter-output>
          </reporter-output>
        </test-method> <!-- start -->
        <test-method signature="test()[pri:0, instance:test.NaveenTest@6d60fe40]" started-at="2023-07-06T13:30:32 IST" name="test" finished-at="2023-07-06T13:30:36 IST" duration-ms="4484" status="PASS">
          <reporter-output>
          </reporter-output>
        </test-method> <!-- test -->
      </class> <!-- test.NaveenTest -->
    </test> <!-- Default test -->
  </suite> <!-- Default suite -->
</testng-results>
